2022.12.29 11:33:01 INFO  tracing is disabled for protocol LSP, to enable tracing of incoming and outgoing JSON messages create an empty file at /home/simox/Desktop/Extra/leetcode/1834. Single-Threaded CPU/.metals/lsp.trace.json or /home/simox/.cache/metals/lsp.trace.json[0m
2022.12.29 11:33:03 INFO  logging to file /home/simox/Desktop/Extra/leetcode/1834. Single-Threaded CPU/.metals/metals.log[0m
2022.12.29 11:33:03 INFO  Started: Metals version 0.11.9 in workspace '/home/simox/Desktop/Extra/leetcode/1834. Single-Threaded CPU' for client Visual Studio Code 1.74.2.[0m
2022.12.29 11:33:06 INFO  time: initialize in 3.87s[0m
2022.12.29 11:33:11 WARN  Build server is not auto-connectable.[0m
2022.12.29 11:33:11 WARN  no build tool detected in workspace '/home/simox/Desktop/Extra/leetcode/1834. Single-Threaded CPU'. The most common cause for this problem is that the editor was opened in the wrong working directory, for example if you use sbt then the workspace directory should contain build.sbt. [0m
2022.12.29 11:33:11 WARN  no build target for: /home/simox/Desktop/Extra/leetcode/9. Palindrome Number/Solution.scala[0m
2022.12.29 11:33:19 INFO  no build target found for /home/simox/Desktop/Extra/leetcode/9. Palindrome Number/Solution.scala. Using presentation compiler with project's scala-library version: 3.2.0[0m
dic 29, 2022 11:34:39 AM org.eclipse.lsp4j.jsonrpc.RemoteEndpoint handleCancellation
AVVERTENZA: Unmatched cancel notification for request id 2
2022.12.29 11:38:11 WARN  no build target for: /home/simox/Desktop/Extra/leetcode/9. Palindrome Number/Solution.scala[0m
dic 29, 2022 11:38:44 AM org.eclipse.lsp4j.jsonrpc.RemoteEndpoint handleCancellation
AVVERTENZA: Unmatched cancel notification for request id 38
dic 29, 2022 11:38:44 AM org.eclipse.lsp4j.jsonrpc.RemoteEndpoint handleCancellation
AVVERTENZA: Unmatched cancel notification for request id 40
2022.12.29 11:38:46 WARN  no build target for: /home/simox/Desktop/Extra/leetcode/9. Palindrome Number/Solution.scala[0m
2022.12.29 11:38:58 WARN  no build target for: /home/simox/Desktop/Extra/leetcode/9. Palindrome Number/Solution.scala[0m
2022.12.29 11:39:11 WARN  no build target for: /home/simox/Desktop/Extra/leetcode/9. Palindrome Number/Solution.scala[0m
2022.12.29 11:39:13 WARN  no build target for: /home/simox/Desktop/Extra/leetcode/9. Palindrome Number/Solution.scala[0m
2022.12.29 11:39:42 WARN  no build target for: /home/simox/Desktop/Extra/leetcode/9. Palindrome Number/Solution.scala[0m
